{"level":"info","message":"Server is running on http://localhost:4000","timestamp":"08-02-2025 14:20:29","data":{}}
{"level":"info","message":"Press Ctrl+C to stop the server.","timestamp":"08-02-2025 14:20:29","data":{}}
{"level":"info","message":"Database connection has been established successfully.","timestamp":"08-02-2025 14:20:29","data":{}}
{"level":"info","message":"Validating request body","timestamp":"08-02-2025 14:25:12","data":{}}
{"level":"info","message":"Request body is valid","timestamp":"08-02-2025 14:25:12","data":{}}
{"level":"info","message":"Creating a new booking","timestamp":"08-02-2025 14:25:12","data":{}}
{"level":"info","message":"Booking created successfully","timestamp":"08-02-2025 14:25:13","data":{}}
{"level":"info","message":"Confirming a booking","timestamp":"08-02-2025 14:34:58","data":{}}
{"level":"info","message":"Booking confirmed successfully","timestamp":"08-02-2025 14:34:58","data":{}}
{"level":"info","message":"Server is running on http://localhost:4000","timestamp":"08-02-2025 14:37:15","data":{}}
{"level":"info","message":"Press Ctrl+C to stop the server.","timestamp":"08-02-2025 14:37:15","data":{}}
{"level":"info","message":"Database connection has been established successfully.","timestamp":"08-02-2025 14:37:15","data":{}}
{"level":"info","message":"Server is running on http://localhost:4000","timestamp":"08-02-2025 14:37:17","data":{}}
{"level":"info","message":"Press Ctrl+C to stop the server.","timestamp":"08-02-2025 14:37:17","data":{}}
{"level":"info","message":"Database connection has been established successfully.","timestamp":"08-02-2025 14:37:17","data":{}}
{"level":"info","message":"Server is running on http://localhost:4000","timestamp":"08-02-2025 14:37:20","data":{}}
{"level":"info","message":"Press Ctrl+C to stop the server.","timestamp":"08-02-2025 14:37:20","data":{}}
{"level":"info","message":"Database connection has been established successfully.","timestamp":"08-02-2025 14:37:20","data":{}}
{"level":"info","message":"Server is running on http://localhost:4000","timestamp":"08-02-2025 14:37:38","data":{}}
{"level":"info","message":"Press Ctrl+C to stop the server.","timestamp":"08-02-2025 14:37:38","data":{}}
{"level":"info","message":"Database connection has been established successfully.","timestamp":"08-02-2025 14:37:38","data":{}}
{"level":"info","message":"Confirming a booking","timestamp":"08-02-2025 14:37:43","data":{}}
{"level":"error","message":"Error confirming a booking","timestamp":"08-02-2025 14:37:43","data":{}}
{"level":"info","message":"Validating request body","timestamp":"08-02-2025 14:38:06","data":{}}
{"level":"info","message":"Request body is valid","timestamp":"08-02-2025 14:38:06","data":{}}
{"level":"info","message":"Creating a new booking","timestamp":"08-02-2025 14:38:06","data":{}}
{"level":"info","message":"Booking created successfully","timestamp":"08-02-2025 14:38:06","data":{}}
{"level":"info","message":"Validating request body","timestamp":"08-02-2025 14:38:08","data":{}}
{"level":"info","message":"Request body is valid","timestamp":"08-02-2025 14:38:08","data":{}}
{"level":"info","message":"Creating a new booking","timestamp":"08-02-2025 14:38:08","data":{}}
{"level":"info","message":"Booking created successfully","timestamp":"08-02-2025 14:38:08","data":{}}
{"level":"info","message":"Confirming a booking","timestamp":"08-02-2025 14:38:22","data":{}}
{"level":"info","message":"Booking confirmed successfully","timestamp":"08-02-2025 14:38:22","data":{}}
{"level":"info","message":"Server is running on http://localhost:4000","timestamp":"08-02-2025 23:31:25","data":{}}
{"level":"info","message":"Press Ctrl+C to stop the server.","timestamp":"08-02-2025 23:31:25","data":{}}
{"level":"info","message":"Database connection has been established successfully.","timestamp":"08-02-2025 23:31:25","data":{}}
{"level":"info","message":"Validating request body","timestamp":"08-02-2025 23:32:09","data":{}}
{"level":"info","message":"Request body is valid","timestamp":"08-02-2025 23:32:09","data":{}}
{"level":"info","message":"Creating a new booking","timestamp":"08-02-2025 23:32:09","data":{}}
{"level":"info","message":"Booking created successfully","timestamp":"08-02-2025 23:32:09","data":{}}
{"level":"info","message":"Confirming a booking","timestamp":"08-02-2025 23:32:19","data":{}}
{"level":"error","message":"Error confirming a booking","timestamp":"08-02-2025 23:32:19","data":{}}
{"level":"info","message":"Server is running on http://localhost:4000","timestamp":"08-02-2025 23:34:19","data":{}}
{"level":"info","message":"Press Ctrl+C to stop the server.","timestamp":"08-02-2025 23:34:19","data":{}}
{"level":"info","message":"Database connection has been established successfully.","timestamp":"08-02-2025 23:34:19","data":{}}
{"level":"info","message":"Server is running on http://localhost:4000","timestamp":"08-02-2025 23:34:23","data":{}}
{"level":"info","message":"Press Ctrl+C to stop the server.","timestamp":"08-02-2025 23:34:23","data":{}}
{"level":"info","message":"Database connection has been established successfully.","timestamp":"08-02-2025 23:34:23","data":{}}
{"level":"info","message":"Server is running on http://localhost:4000","timestamp":"08-02-2025 23:34:25","data":{}}
{"level":"info","message":"Press Ctrl+C to stop the server.","timestamp":"08-02-2025 23:34:25","data":{}}
{"level":"info","message":"Database connection has been established successfully.","timestamp":"08-02-2025 23:34:25","data":{}}
{"level":"info","message":"Server is running on http://localhost:4000","timestamp":"08-02-2025 23:34:26","data":{}}
{"level":"info","message":"Press Ctrl+C to stop the server.","timestamp":"08-02-2025 23:34:26","data":{}}
{"level":"info","message":"Database connection has been established successfully.","timestamp":"08-02-2025 23:34:26","data":{}}
{"level":"info","message":"Confirming a booking","timestamp":"08-02-2025 23:34:28","data":{}}
{"level":"error","message":"Error confirming a booking","timestamp":"08-02-2025 23:34:28","data":{}}
{"level":"info","message":"Server is running on http://localhost:4000","timestamp":"08-02-2025 23:34:36","data":{}}
{"level":"info","message":"Press Ctrl+C to stop the server.","timestamp":"08-02-2025 23:34:36","data":{}}
{"level":"info","message":"Database connection has been established successfully.","timestamp":"08-02-2025 23:34:36","data":{}}
{"level":"info","message":"Confirming a booking","timestamp":"08-02-2025 23:34:37","data":{}}
{"level":"error","message":"Error confirming a booking","timestamp":"08-02-2025 23:34:37","data":{}}
{"level":"info","message":"Server is running on http://localhost:4000","timestamp":"08-02-2025 23:34:42","data":{}}
{"level":"info","message":"Press Ctrl+C to stop the server.","timestamp":"08-02-2025 23:34:42","data":{}}
{"level":"info","message":"Database connection has been established successfully.","timestamp":"08-02-2025 23:34:42","data":{}}
{"level":"info","message":"Confirming a booking","timestamp":"08-02-2025 23:34:42","data":{}}
{"level":"error","message":"Error confirming a booking","timestamp":"08-02-2025 23:34:42","data":{}}
{"level":"info","message":"Server is running on http://localhost:4000","timestamp":"08-02-2025 23:34:52","data":{}}
{"level":"info","message":"Press Ctrl+C to stop the server.","timestamp":"08-02-2025 23:34:52","data":{}}
{"level":"info","message":"Database connection has been established successfully.","timestamp":"08-02-2025 23:34:52","data":{}}
{"level":"info","message":"Confirming a booking","timestamp":"08-02-2025 23:34:55","data":{}}
{"level":"error","message":"Error confirming a booking","timestamp":"08-02-2025 23:34:55","data":{}}
{"level":"info","message":"Server is running on http://localhost:4000","timestamp":"08-02-2025 23:35:09","data":{}}
{"level":"info","message":"Press Ctrl+C to stop the server.","timestamp":"08-02-2025 23:35:09","data":{}}
{"level":"info","message":"Database connection has been established successfully.","timestamp":"08-02-2025 23:35:09","data":{}}
{"level":"info","message":"Confirming a booking","timestamp":"08-02-2025 23:35:11","data":{}}
{"level":"error","message":"Error confirming a booking","timestamp":"08-02-2025 23:35:11","data":{}}
{"level":"info","message":"Server is running on http://localhost:4000","timestamp":"08-02-2025 23:35:15","data":{}}
{"level":"info","message":"Press Ctrl+C to stop the server.","timestamp":"08-02-2025 23:35:15","data":{}}
{"level":"info","message":"Database connection has been established successfully.","timestamp":"08-02-2025 23:35:15","data":{}}
{"level":"info","message":"Server is running on http://localhost:4000","timestamp":"08-02-2025 23:35:18","data":{}}
{"level":"info","message":"Press Ctrl+C to stop the server.","timestamp":"08-02-2025 23:35:18","data":{}}
{"level":"info","message":"Database connection has been established successfully.","timestamp":"08-02-2025 23:35:18","data":{}}
{"level":"info","message":"Server is running on http://localhost:4000","timestamp":"08-02-2025 23:35:20","data":{}}
{"level":"info","message":"Press Ctrl+C to stop the server.","timestamp":"08-02-2025 23:35:20","data":{}}
{"level":"info","message":"Database connection has been established successfully.","timestamp":"08-02-2025 23:35:20","data":{}}
{"level":"info","message":"Confirming a booking","timestamp":"08-02-2025 23:35:21","data":{}}
{"level":"error","message":"Error confirming a booking","timestamp":"08-02-2025 23:35:21","data":{}}
{"level":"info","message":"Server is running on http://localhost:4000","timestamp":"08-02-2025 23:42:53","data":{}}
{"level":"info","message":"Press Ctrl+C to stop the server.","timestamp":"08-02-2025 23:42:53","data":{}}
{"level":"info","message":"Database connection has been established successfully.","timestamp":"08-02-2025 23:42:53","data":{}}
{"level":"info","message":"Validating request body","timestamp":"08-02-2025 23:42:58","data":{}}
{"level":"info","message":"Request body is valid","timestamp":"08-02-2025 23:42:58","data":{}}
{"level":"info","message":"Creating a new booking","timestamp":"08-02-2025 23:42:58","data":{}}
{"level":"info","message":"Booking created successfully","timestamp":"08-02-2025 23:42:58","data":{}}
{"level":"info","message":"Confirming a booking","timestamp":"08-02-2025 23:43:08","data":{}}
{"level":"error","message":"Error confirming a booking","timestamp":"08-02-2025 23:43:08","data":{}}
{"level":"info","message":"Server is running on http://localhost:4000","timestamp":"08-02-2025 23:43:25","data":{}}
{"level":"info","message":"Press Ctrl+C to stop the server.","timestamp":"08-02-2025 23:43:25","data":{}}
{"level":"info","message":"Database connection has been established successfully.","timestamp":"08-02-2025 23:43:25","data":{}}
{"level":"info","message":"Server is running on http://localhost:4000","timestamp":"08-02-2025 23:43:26","data":{}}
{"level":"info","message":"Press Ctrl+C to stop the server.","timestamp":"08-02-2025 23:43:26","data":{}}
{"level":"info","message":"Database connection has been established successfully.","timestamp":"08-02-2025 23:43:26","data":{}}
{"level":"info","message":"Confirming a booking","timestamp":"08-02-2025 23:43:28","data":{}}
{"level":"error","message":"Error confirming a booking","timestamp":"08-02-2025 23:43:28","data":{}}
{"level":"info","message":"Server is running on http://localhost:4000","timestamp":"08-02-2025 23:43:31","data":{}}
{"level":"info","message":"Press Ctrl+C to stop the server.","timestamp":"08-02-2025 23:43:31","data":{}}
{"level":"info","message":"Database connection has been established successfully.","timestamp":"08-02-2025 23:43:31","data":{}}
{"level":"info","message":"Server is running on http://localhost:4000","timestamp":"08-02-2025 23:44:30","data":{}}
{"level":"info","message":"Press Ctrl+C to stop the server.","timestamp":"08-02-2025 23:44:30","data":{}}
{"level":"info","message":"Database connection has been established successfully.","timestamp":"08-02-2025 23:44:30","data":{}}
{"level":"info","message":"Server is running on http://localhost:4000","timestamp":"08-02-2025 23:44:33","data":{}}
{"level":"info","message":"Press Ctrl+C to stop the server.","timestamp":"08-02-2025 23:44:33","data":{}}
{"level":"info","message":"Database connection has been established successfully.","timestamp":"08-02-2025 23:44:33","data":{}}
{"level":"info","message":"Server is running on http://localhost:4000","timestamp":"08-02-2025 23:44:34","data":{}}
{"level":"info","message":"Press Ctrl+C to stop the server.","timestamp":"08-02-2025 23:44:34","data":{}}
{"level":"info","message":"Database connection has been established successfully.","timestamp":"08-02-2025 23:44:34","data":{}}
{"level":"info","message":"Server is running on http://localhost:4000","timestamp":"08-02-2025 23:44:35","data":{}}
{"level":"info","message":"Press Ctrl+C to stop the server.","timestamp":"08-02-2025 23:44:35","data":{}}
{"level":"info","message":"Database connection has been established successfully.","timestamp":"08-02-2025 23:44:35","data":{}}
{"level":"info","message":"Confirming a booking","timestamp":"08-02-2025 23:44:38","data":{}}
{"level":"info","message":"Booking confirmed successfully","timestamp":"08-02-2025 23:44:38","data":{}}
